<?xml version="1.0" encoding="UTF-8"?>
<!-- Generated by org.testng.reporters.JUnitReportReporter -->
<testsuite hostname="Saajan" failures="0" tests="1" name="Examples" time="2.248" errors="0" timestamp="2022-02-03T22:54:50 EST" skipped="0">
  <testcase classname="Examples" name="test_delete" time="2.248"/>
  <system-out/>
</testsuite> <!-- Examples -->
