<?xml version="1.0" encoding="UTF-8"?>
<!-- Generated by org.testng.reporters.JUnitReportReporter -->
<testsuite hostname="Saajan" failures="0" tests="1" name="Tests_POST" time="2.911" errors="0" timestamp="2022-02-03T19:42:46 EST" skipped="0">
  <testcase classname="Tests_POST" name="test_01_Post" time="2.911"/>
  <system-out/>
</testsuite> <!-- Tests_POST -->
