<?xml version="1.0" encoding="UTF-8"?>
<!-- Generated by org.testng.reporters.JUnitReportReporter -->
<testsuite hostname="Saajan" failures="0" tests="1" name="Tests_PUT" time="3.127" errors="0" timestamp="2022-02-03T19:47:21 EST" skipped="0">
  <testcase classname="Tests_PUT" name="test_01_put" time="3.127"/>
  <system-out/>
</testsuite> <!-- Tests_PUT -->
