<?xml version="1.0" encoding="UTF-8"?>
<!-- Generated by org.testng.reporters.JUnitReportReporter -->
<testsuite hostname="Saajan" failures="0" tests="1" name="Tests_GET" time="3.798" errors="0" timestamp="2022-02-03T19:01:52 EST" skipped="0">
  <testcase classname="Tests_GET" name="test_01" time="3.798"/>
  <system-out/>
</testsuite> <!-- Tests_GET -->
