<?xml version="1.0" encoding="UTF-8"?>
<!-- Generated by org.testng.reporters.JUnitReportReporter -->
<testsuite hostname="Saajan" failures="0" tests="1" name="Tests_Patch" time="2.945" errors="0" timestamp="2022-02-03T20:04:58 EST" skipped="0">
  <testcase classname="Tests_Patch" name="test_delete" time="2.945"/>
  <system-out/>
</testsuite> <!-- Tests_Patch -->
