<?xml version="1.0" encoding="UTF-8"?>
<!-- Generated by org.testng.reporters.JUnitReportReporter -->
<testsuite hostname="Saajan" failures="0" tests="1" name="restAssured.DataDrivenExamples" time="1.121" errors="0" timestamp="2022-02-04T20:10:46 EST" skipped="0">
  <testcase classname="restAssured.DataDrivenExamples" name="test_delete2" time="1.121"/>
  <system-out/>
</testsuite> <!-- restAssured.DataDrivenExamples -->
